<?xml version="1.0" encoding="UTF-8"?>
<testng-results ignored="0" total="1" passed="1" failed="0" skipped="0">
  <reporter-output>
  </reporter-output>
  <suite started-at="2022-04-13T23:19:57 IST" name="demo.LoginApp_Test" finished-at="2022-04-13T23:20:00 IST" duration-ms="2754">
    <groups>
    </groups>
    <test started-at="2022-04-13T23:19:57 IST" name="Command line test" finished-at="2022-04-13T23:20:00 IST" duration-ms="2754">
      <class name="demo.LoginApp_Test">
        <test-method is-config="true" signature="initial()[pri:0, instance:demo.LoginApp_Test@5d11346a]" started-at="2022-04-13T23:19:57 IST" name="initial" finished-at="2022-04-13T23:19:59 IST" duration-ms="2350" status="PASS">
          <reporter-output>
          </reporter-output>
        </test-method> <!-- initial -->
        <test-method signature="test1()[pri:0, instance:demo.LoginApp_Test@5d11346a]" started-at="2022-04-13T23:19:59 IST" name="test1" finished-at="2022-04-13T23:20:00 IST" duration-ms="379" status="PASS">
          <reporter-output>
          </reporter-output>
        </test-method> <!-- test1 -->
      </class> <!-- demo.LoginApp_Test -->
    </test> <!-- Command line test -->
  </suite> <!-- demo.LoginApp_Test -->
</testng-results>
