<?xml version="1.0" encoding="UTF-8"?>
<testng-results ignored="0" total="1" passed="1" failed="0" skipped="0">
  <reporter-output>
  </reporter-output>
  <suite started-at="2022-04-13T23:17:50 IST" name="Default suite" finished-at="2022-04-13T23:17:54 IST" duration-ms="3172">
    <groups>
    </groups>
    <test started-at="2022-04-13T23:17:50 IST" name="Default test" finished-at="2022-04-13T23:17:54 IST" duration-ms="3172">
      <class name="demo.LoginApp_Test">
        <test-method is-config="true" signature="initial()[pri:0, instance:demo.LoginApp_Test@149e0f5d]" started-at="2022-04-13T23:17:50 IST" name="initial" finished-at="2022-04-13T23:17:53 IST" duration-ms="2780" status="PASS">
          <reporter-output>
          </reporter-output>
        </test-method> <!-- initial -->
        <test-method signature="test1()[pri:0, instance:demo.LoginApp_Test@149e0f5d]" started-at="2022-04-13T23:17:53 IST" name="test1" finished-at="2022-04-13T23:17:54 IST" duration-ms="370" status="PASS">
          <reporter-output>
          </reporter-output>
        </test-method> <!-- test1 -->
      </class> <!-- demo.LoginApp_Test -->
    </test> <!-- Default test -->
  </suite> <!-- Default suite -->
</testng-results>
